[WARN]2020-03-31 21:14:47.171|,,,||||rights-order-service||io.undertow.websockets.jsr|UT026009: XNIO worker was not set on WebSocketDeploymentInfo, the default worker will be used
[WARN]2020-03-31 21:14:47.171|,,,||||rights-order-service||io.undertow.websockets.jsr|UT026010: Buffer pool was not set on WebSocketDeploymentInfo, the default pool will be used
[ERROR]2020-03-31 21:14:47.423|,,,||||rights-order-service||o.s.boot.SpringApplication|Application run failed
org.springframework.beans.factory.BeanCreationException: Error creating bean with name 'activeMQConnectionConfig': Injection of autowired dependencies failed; nested exception is java.lang.IllegalArgumentException: Could not resolve placeholder 'spring.activemq.user' in value "${spring.activemq.user}"
	at org.springframework.beans.factory.annotation.AutowiredAnnotationBeanPostProcessor.postProcessPropertyValues(AutowiredAnnotationBeanPostProcessor.java:376)
	at org.springframework.beans.factory.support.AbstractAutowireCapableBeanFactory.populateBean(AbstractAutowireCapableBeanFactory.java:1336)
	at org.springframework.beans.factory.support.AbstractAutowireCapableBeanFactory.doCreateBean(AbstractAutowireCapableBeanFactory.java:572)
	at org.springframework.beans.factory.support.AbstractAutowireCapableBeanFactory.createBean(AbstractAutowireCapableBeanFactory.java:495)
	at org.springframework.beans.factory.support.AbstractBeanFactory.lambda$doGetBean$0(AbstractBeanFactory.java:317)
	at org.springframework.beans.factory.support.DefaultSingletonBeanRegistry.getSingleton(DefaultSingletonBeanRegistry.java:222)
	at org.springframework.beans.factory.support.AbstractBeanFactory.doGetBean(AbstractBeanFactory.java:315)
	at org.springframework.beans.factory.support.AbstractBeanFactory.getBean(AbstractBeanFactory.java:199)
	at org.springframework.beans.factory.support.DefaultListableBeanFactory.preInstantiateSingletons(DefaultListableBeanFactory.java:759)
	at org.springframework.context.support.AbstractApplicationContext.finishBeanFactoryInitialization(AbstractApplicationContext.java:867)
	at org.springframework.context.support.AbstractApplicationContext.refresh(AbstractApplicationContext.java:548)
	at org.springframework.boot.web.servlet.context.ServletWebServerApplicationContext.refresh(ServletWebServerApplicationContext.java:140)
	at org.springframework.boot.SpringApplication.refresh(SpringApplication.java:754)
	at org.springframework.boot.SpringApplication.refreshContext(SpringApplication.java:386)
	at org.springframework.boot.SpringApplication.run(SpringApplication.java:307)
	at org.springframework.boot.SpringApplication.run(SpringApplication.java:1242)
	at org.springframework.boot.SpringApplication.run(SpringApplication.java:1230)
	at com.cc.cmbc.order.Application.main(Application.java:17)
Caused by: java.lang.IllegalArgumentException: Could not resolve placeholder 'spring.activemq.user' in value "${spring.activemq.user}"
	at org.springframework.util.PropertyPlaceholderHelper.parseStringValue(PropertyPlaceholderHelper.java:172)
	at org.springframework.util.PropertyPlaceholderHelper.replacePlaceholders(PropertyPlaceholderHelper.java:124)
	at org.springframework.core.env.AbstractPropertyResolver.doResolvePlaceholders(AbstractPropertyResolver.java:237)
	at org.springframework.core.env.AbstractPropertyResolver.resolveRequiredPlaceholders(AbstractPropertyResolver.java:211)
	at org.springframework.context.support.PropertySourcesPlaceholderConfigurer.lambda$processProperties$0(PropertySourcesPlaceholderConfigurer.java:175)
	at org.springframework.beans.factory.support.AbstractBeanFactory.resolveEmbeddedValue(AbstractBeanFactory.java:839)
	at org.springframework.beans.factory.support.DefaultListableBeanFactory.doResolveDependency(DefaultListableBeanFactory.java:1083)
	at org.springframework.beans.factory.support.DefaultListableBeanFactory.resolveDependency(DefaultListableBeanFactory.java:1062)
	at org.springframework.beans.factory.annotation.AutowiredAnnotationBeanPostProcessor$AutowiredFieldElement.inject(AutowiredAnnotationBeanPostProcessor.java:581)
	at org.springframework.beans.factory.annotation.InjectionMetadata.inject(InjectionMetadata.java:90)
	at org.springframework.beans.factory.annotation.AutowiredAnnotationBeanPostProcessor.postProcessPropertyValues(AutowiredAnnotationBeanPostProcessor.java:370)
	... 17 common frames omitted
[WARN]2020-03-31 21:15:55.996|,,,||||rights-order-service||io.undertow.websockets.jsr|UT026009: XNIO worker was not set on WebSocketDeploymentInfo, the default worker will be used
[WARN]2020-03-31 21:15:55.996|,,,||||rights-order-service||io.undertow.websockets.jsr|UT026010: Buffer pool was not set on WebSocketDeploymentInfo, the default pool will be used
[WARN]2020-03-31 21:15:57.289|,,,||||rights-order-service||c.n.c.s.URLConfigurationSource|No URLs will be polled as dynamic configuration sources.
[WARN]2020-03-31 21:15:57.343|,,,||||rights-order-service||c.n.c.s.URLConfigurationSource|No URLs will be polled as dynamic configuration sources.
[WARN]2020-03-31 21:21:25.654|,,,||||rights-order-service||io.undertow.websockets.jsr|UT026009: XNIO worker was not set on WebSocketDeploymentInfo, the default worker will be used
[WARN]2020-03-31 21:21:25.654|,,,||||rights-order-service||io.undertow.websockets.jsr|UT026010: Buffer pool was not set on WebSocketDeploymentInfo, the default pool will be used
[WARN]2020-03-31 21:21:26.950|,,,||||rights-order-service||c.n.c.s.URLConfigurationSource|No URLs will be polled as dynamic configuration sources.
[WARN]2020-03-31 21:21:26.957|,,,||||rights-order-service||c.n.c.s.URLConfigurationSource|No URLs will be polled as dynamic configuration sources.
[WARN]2020-03-31 21:24:38.938|,,,||||rights-order-service||io.undertow.websockets.jsr|UT026009: XNIO worker was not set on WebSocketDeploymentInfo, the default worker will be used
[WARN]2020-03-31 21:24:38.939|,,,||||rights-order-service||io.undertow.websockets.jsr|UT026010: Buffer pool was not set on WebSocketDeploymentInfo, the default pool will be used
[WARN]2020-03-31 21:24:40.134|,,,||||rights-order-service||c.n.c.s.URLConfigurationSource|No URLs will be polled as dynamic configuration sources.
[WARN]2020-03-31 21:24:40.144|,,,||||rights-order-service||c.n.c.s.URLConfigurationSource|No URLs will be polled as dynamic configuration sources.
[WARN]2020-03-31 21:29:38.109|,,,||||rights-order-service||io.undertow.websockets.jsr|UT026009: XNIO worker was not set on WebSocketDeploymentInfo, the default worker will be used
[WARN]2020-03-31 21:29:38.109|,,,||||rights-order-service||io.undertow.websockets.jsr|UT026010: Buffer pool was not set on WebSocketDeploymentInfo, the default pool will be used
[WARN]2020-03-31 21:29:39.291|,,,||||rights-order-service||c.n.c.s.URLConfigurationSource|No URLs will be polled as dynamic configuration sources.
[WARN]2020-03-31 21:29:39.299|,,,||||rights-order-service||c.n.c.s.URLConfigurationSource|No URLs will be polled as dynamic configuration sources.
[WARN]2020-03-31 22:00:14.013|,,,||||rights-order-service||io.undertow.websockets.jsr|UT026009: XNIO worker was not set on WebSocketDeploymentInfo, the default worker will be used
[WARN]2020-03-31 22:00:14.013|,,,||||rights-order-service||io.undertow.websockets.jsr|UT026010: Buffer pool was not set on WebSocketDeploymentInfo, the default pool will be used
[WARN]2020-03-31 22:00:15.313|,,,||||rights-order-service||c.n.c.s.URLConfigurationSource|No URLs will be polled as dynamic configuration sources.
[WARN]2020-03-31 22:00:15.322|,,,||||rights-order-service||c.n.c.s.URLConfigurationSource|No URLs will be polled as dynamic configuration sources.
[WARN]2020-03-31 22:02:35.140|,,,||||rights-order-service||io.undertow.websockets.jsr|UT026009: XNIO worker was not set on WebSocketDeploymentInfo, the default worker will be used
[WARN]2020-03-31 22:02:35.141|,,,||||rights-order-service||io.undertow.websockets.jsr|UT026010: Buffer pool was not set on WebSocketDeploymentInfo, the default pool will be used
[ERROR]2020-03-31 22:02:35.588|,,,||||rights-order-service||o.s.b.d.LoggingFailureAnalysisReporter|

***************************
APPLICATION FAILED TO START
***************************

Description:

Parameter 0 of method connectionFactory in com.cc.cmbc.order.common.config.ActiveMQConnectionConfig required a bean of type 'org.springframework.boot.autoconfigure.jms.activemq.ActiveMQProperties' that could not be found.

The injection point has the following annotations:
	- @org.springframework.beans.factory.annotation.Qualifier(value=connectionFactory)


Action:

Consider defining a bean of type 'org.springframework.boot.autoconfigure.jms.activemq.ActiveMQProperties' in your configuration.

[WARN]2020-03-31 22:05:58.355|,,,||||rights-order-service||io.undertow.websockets.jsr|UT026009: XNIO worker was not set on WebSocketDeploymentInfo, the default worker will be used
[WARN]2020-03-31 22:05:58.355|,,,||||rights-order-service||io.undertow.websockets.jsr|UT026010: Buffer pool was not set on WebSocketDeploymentInfo, the default pool will be used
[WARN]2020-03-31 22:05:59.561|,,,||||rights-order-service||c.n.c.s.URLConfigurationSource|No URLs will be polled as dynamic configuration sources.
[WARN]2020-03-31 22:05:59.568|,,,||||rights-order-service||c.n.c.s.URLConfigurationSource|No URLs will be polled as dynamic configuration sources.
[WARN]2020-03-31 22:07:56.040|,,,||||rights-order-service||io.undertow.websockets.jsr|UT026009: XNIO worker was not set on WebSocketDeploymentInfo, the default worker will be used
[WARN]2020-03-31 22:07:56.041|,,,||||rights-order-service||io.undertow.websockets.jsr|UT026010: Buffer pool was not set on WebSocketDeploymentInfo, the default pool will be used
[ERROR]2020-03-31 22:07:56.455|,,,||||rights-order-service||o.s.b.d.LoggingFailureAnalysisReporter|

***************************
APPLICATION FAILED TO START
***************************

Description:

Parameter 0 of method connectionFactory in com.cc.cmbc.order.common.config.ActiveMQConnectionConfig required a bean of type 'org.springframework.boot.autoconfigure.jms.activemq.ActiveMQProperties' that could not be found.


Action:

Consider defining a bean of type 'org.springframework.boot.autoconfigure.jms.activemq.ActiveMQProperties' in your configuration.

[WARN]2020-03-31 22:08:20.740|,,,||||rights-order-service||io.undertow.websockets.jsr|UT026009: XNIO worker was not set on WebSocketDeploymentInfo, the default worker will be used
[WARN]2020-03-31 22:08:20.740|,,,||||rights-order-service||io.undertow.websockets.jsr|UT026010: Buffer pool was not set on WebSocketDeploymentInfo, the default pool will be used
[WARN]2020-03-31 22:08:21.847|,,,||||rights-order-service||c.n.c.s.URLConfigurationSource|No URLs will be polled as dynamic configuration sources.
[WARN]2020-03-31 22:08:21.855|,,,||||rights-order-service||c.n.c.s.URLConfigurationSource|No URLs will be polled as dynamic configuration sources.
[WARN]2020-03-31 22:12:48.258|,,,||||rights-order-service||io.undertow.websockets.jsr|UT026009: XNIO worker was not set on WebSocketDeploymentInfo, the default worker will be used
[WARN]2020-03-31 22:12:48.258|,,,||||rights-order-service||io.undertow.websockets.jsr|UT026010: Buffer pool was not set on WebSocketDeploymentInfo, the default pool will be used
[WARN]2020-03-31 22:12:49.616|,,,||||rights-order-service||c.n.c.s.URLConfigurationSource|No URLs will be polled as dynamic configuration sources.
[WARN]2020-03-31 22:12:49.626|,,,||||rights-order-service||c.n.c.s.URLConfigurationSource|No URLs will be polled as dynamic configuration sources.
[WARN]2020-03-31 22:14:18.115|,,,||||rights-order-service||io.undertow.websockets.jsr|UT026009: XNIO worker was not set on WebSocketDeploymentInfo, the default worker will be used
[WARN]2020-03-31 22:14:18.115|,,,||||rights-order-service||io.undertow.websockets.jsr|UT026010: Buffer pool was not set on WebSocketDeploymentInfo, the default pool will be used
[ERROR]2020-03-31 22:14:18.511|,,,||||rights-order-service||o.s.b.d.LoggingFailureAnalysisReporter|

***************************
APPLICATION FAILED TO START
***************************

Description:

Parameter 0 of method jmsListenerQueueContainer in com.cc.cmbc.order.common.config.ActiveMQConnectionConfig required a bean of type 'org.apache.activemq.ActiveMQConnectionFactory' that could not be found.

The following candidates were found but could not be injected:
	- Bean method 'connectionFactory' in 'ActiveMQConnectionConfig' not loaded because @ConditionalOnProperty (spring.activemq.pool.enabled=false) found different value in property 'enabled'


Action:

Consider revisiting the entries above or defining a bean of type 'org.apache.activemq.ActiveMQConnectionFactory' in your configuration.

[WARN]2020-03-31 22:14:42.542|,,,||||rights-order-service||io.undertow.websockets.jsr|UT026009: XNIO worker was not set on WebSocketDeploymentInfo, the default worker will be used
[WARN]2020-03-31 22:14:42.543|,,,||||rights-order-service||io.undertow.websockets.jsr|UT026010: Buffer pool was not set on WebSocketDeploymentInfo, the default pool will be used
[WARN]2020-03-31 22:14:43.802|,,,||||rights-order-service||c.n.c.s.URLConfigurationSource|No URLs will be polled as dynamic configuration sources.
[WARN]2020-03-31 22:14:43.813|,,,||||rights-order-service||c.n.c.s.URLConfigurationSource|No URLs will be polled as dynamic configuration sources.
[WARN]2020-03-31 22:15:16.430|,,,||||rights-order-service||io.undertow.websockets.jsr|UT026009: XNIO worker was not set on WebSocketDeploymentInfo, the default worker will be used
[WARN]2020-03-31 22:15:16.430|,,,||||rights-order-service||io.undertow.websockets.jsr|UT026010: Buffer pool was not set on WebSocketDeploymentInfo, the default pool will be used
[WARN]2020-03-31 22:16:11.851|,,,||||rights-order-service||c.n.c.s.URLConfigurationSource|No URLs will be polled as dynamic configuration sources.
[WARN]2020-03-31 22:16:11.860|,,,||||rights-order-service||c.n.c.s.URLConfigurationSource|No URLs will be polled as dynamic configuration sources.
