[INFO]2020-03-31 21:14:44.439|,,,||||rights-order-service||com.cc.cmbc.order.Application|The following profiles are active: dev
[INFO]2020-03-31 21:14:47.100|,,,||||rights-order-service||org.xnio|XNIO version 3.3.8.Final
[INFO]2020-03-31 21:14:47.127|,,,||||rights-order-service||org.xnio.nio|XNIO NIO Implementation Version 3.3.8.Final
[WARN]2020-03-31 21:14:47.171|,,,||||rights-order-service||io.undertow.websockets.jsr|UT026009: XNIO worker was not set on WebSocketDeploymentInfo, the default worker will be used
[WARN]2020-03-31 21:14:47.171|,,,||||rights-order-service||io.undertow.websockets.jsr|UT026010: Buffer pool was not set on WebSocketDeploymentInfo, the default pool will be used
[INFO]2020-03-31 21:14:47.216|,,,||||rights-order-service||io.undertow.servlet|Initializing Spring embedded WebApplicationContext
[ERROR]2020-03-31 21:14:47.423|,,,||||rights-order-service||o.s.boot.SpringApplication|Application run failed
org.springframework.beans.factory.BeanCreationException: Error creating bean with name 'activeMQConnectionConfig': Injection of autowired dependencies failed; nested exception is java.lang.IllegalArgumentException: Could not resolve placeholder 'spring.activemq.user' in value "${spring.activemq.user}"
	at org.springframework.beans.factory.annotation.AutowiredAnnotationBeanPostProcessor.postProcessPropertyValues(AutowiredAnnotationBeanPostProcessor.java:376)
	at org.springframework.beans.factory.support.AbstractAutowireCapableBeanFactory.populateBean(AbstractAutowireCapableBeanFactory.java:1336)
	at org.springframework.beans.factory.support.AbstractAutowireCapableBeanFactory.doCreateBean(AbstractAutowireCapableBeanFactory.java:572)
	at org.springframework.beans.factory.support.AbstractAutowireCapableBeanFactory.createBean(AbstractAutowireCapableBeanFactory.java:495)
	at org.springframework.beans.factory.support.AbstractBeanFactory.lambda$doGetBean$0(AbstractBeanFactory.java:317)
	at org.springframework.beans.factory.support.DefaultSingletonBeanRegistry.getSingleton(DefaultSingletonBeanRegistry.java:222)
	at org.springframework.beans.factory.support.AbstractBeanFactory.doGetBean(AbstractBeanFactory.java:315)
	at org.springframework.beans.factory.support.AbstractBeanFactory.getBean(AbstractBeanFactory.java:199)
	at org.springframework.beans.factory.support.DefaultListableBeanFactory.preInstantiateSingletons(DefaultListableBeanFactory.java:759)
	at org.springframework.context.support.AbstractApplicationContext.finishBeanFactoryInitialization(AbstractApplicationContext.java:867)
	at org.springframework.context.support.AbstractApplicationContext.refresh(AbstractApplicationContext.java:548)
	at org.springframework.boot.web.servlet.context.ServletWebServerApplicationContext.refresh(ServletWebServerApplicationContext.java:140)
	at org.springframework.boot.SpringApplication.refresh(SpringApplication.java:754)
	at org.springframework.boot.SpringApplication.refreshContext(SpringApplication.java:386)
	at org.springframework.boot.SpringApplication.run(SpringApplication.java:307)
	at org.springframework.boot.SpringApplication.run(SpringApplication.java:1242)
	at org.springframework.boot.SpringApplication.run(SpringApplication.java:1230)
	at com.cc.cmbc.order.Application.main(Application.java:17)
Caused by: java.lang.IllegalArgumentException: Could not resolve placeholder 'spring.activemq.user' in value "${spring.activemq.user}"
	at org.springframework.util.PropertyPlaceholderHelper.parseStringValue(PropertyPlaceholderHelper.java:172)
	at org.springframework.util.PropertyPlaceholderHelper.replacePlaceholders(PropertyPlaceholderHelper.java:124)
	at org.springframework.core.env.AbstractPropertyResolver.doResolvePlaceholders(AbstractPropertyResolver.java:237)
	at org.springframework.core.env.AbstractPropertyResolver.resolveRequiredPlaceholders(AbstractPropertyResolver.java:211)
	at org.springframework.context.support.PropertySourcesPlaceholderConfigurer.lambda$processProperties$0(PropertySourcesPlaceholderConfigurer.java:175)
	at org.springframework.beans.factory.support.AbstractBeanFactory.resolveEmbeddedValue(AbstractBeanFactory.java:839)
	at org.springframework.beans.factory.support.DefaultListableBeanFactory.doResolveDependency(DefaultListableBeanFactory.java:1083)
	at org.springframework.beans.factory.support.DefaultListableBeanFactory.resolveDependency(DefaultListableBeanFactory.java:1062)
	at org.springframework.beans.factory.annotation.AutowiredAnnotationBeanPostProcessor$AutowiredFieldElement.inject(AutowiredAnnotationBeanPostProcessor.java:581)
	at org.springframework.beans.factory.annotation.InjectionMetadata.inject(InjectionMetadata.java:90)
	at org.springframework.beans.factory.annotation.AutowiredAnnotationBeanPostProcessor.postProcessPropertyValues(AutowiredAnnotationBeanPostProcessor.java:370)
	... 17 common frames omitted
[INFO]2020-03-31 21:15:53.388|,,,||||rights-order-service||com.cc.cmbc.order.Application|The following profiles are active: dev
[INFO]2020-03-31 21:15:55.935|,,,||||rights-order-service||org.xnio|XNIO version 3.3.8.Final
[INFO]2020-03-31 21:15:55.957|,,,||||rights-order-service||org.xnio.nio|XNIO NIO Implementation Version 3.3.8.Final
[WARN]2020-03-31 21:15:55.996|,,,||||rights-order-service||io.undertow.websockets.jsr|UT026009: XNIO worker was not set on WebSocketDeploymentInfo, the default worker will be used
[WARN]2020-03-31 21:15:55.996|,,,||||rights-order-service||io.undertow.websockets.jsr|UT026010: Buffer pool was not set on WebSocketDeploymentInfo, the default pool will be used
[INFO]2020-03-31 21:15:56.032|,,,||||rights-order-service||io.undertow.servlet|Initializing Spring embedded WebApplicationContext
[INFO]2020-03-31 21:15:56.351|,,,||||rights-order-service||c.c.c.o.common.config.RedisConfig|redis password:null
[INFO]2020-03-31 21:15:57.009|,,,||||rights-order-service||c.c.c.o.c.config.ExecutorConfig|start asyncServiceExecutor
[INFO]2020-03-31 21:15:57.022|,,,||||rights-order-service||c.c.c.o.c.l.ThreadPoolExecutorMdcWrapper|Initializing ExecutorService
[INFO]2020-03-31 21:15:57.035|,,,||||rights-order-service||c.c.c.o.c.l.ThreadPoolExecutorMdcWrapper|Initializing ExecutorService 'asyncServiceExecutor'
[WARN]2020-03-31 21:15:57.289|,,,||||rights-order-service||c.n.c.s.URLConfigurationSource|No URLs will be polled as dynamic configuration sources.
[INFO]2020-03-31 21:15:57.290|,,,||||rights-order-service||c.n.c.s.URLConfigurationSource|To enable URLs as dynamic configuration sources, define System property archaius.configurationSource.additionalUrls or make config.properties available on classpath.
[WARN]2020-03-31 21:15:57.343|,,,||||rights-order-service||c.n.c.s.URLConfigurationSource|No URLs will be polled as dynamic configuration sources.
[INFO]2020-03-31 21:15:57.343|,,,||||rights-order-service||c.n.c.s.URLConfigurationSource|To enable URLs as dynamic configuration sources, define System property archaius.configurationSource.additionalUrls or make config.properties available on classpath.
[INFO]2020-03-31 21:16:00.409|,,,||||rights-order-service||com.cc.cmbc.order.Application|Started Application in 8.871 seconds (JVM running for 13.466)
[INFO]2020-03-31 21:16:58.254|,,,||||rights-order-service||io.undertow.servlet|Initializing Spring FrameworkServlet 'dispatcherServlet'
[INFO]2020-03-31 21:16:58.329|336614F0F5BB4536AE706E5584E5F001,,,||||rights-order-service||com.cc.cmbc.order.web.LogController|TestController /test invoke
[INFO]2020-03-31 21:16:58.372|336614F0F5BB4536AE706E5584E5F001,,,||||rights-order-service||c.c.c.o.c.e.GlobalResponseHandler|返回参数：ReplyVo(code=200, message=交易成功, data=null)
[INFO]2020-03-31 21:16:59.833|336614F0F5BB4536AE706E5584E5F001,,,||||rights-order-service||com.cc.cmbc.order.web.LogController|Another thread running
[INFO]2020-03-31 21:16:59.836|336614F0F5BB4536AE706E5584E5F001,,,||||rights-order-service||c.c.c.order.message.MessageProducer|发送消息：send message
[INFO]2020-03-31 21:17:00.120|,,,|0.0.0.0|rights-order-service|127.0.0.1|rights-order-service||c.c.c.order.message.MessageConsumer|Consumer收到的报文为:send message
[INFO]2020-03-31 21:21:07.728|,,,||||rights-order-service||c.c.c.o.c.l.ThreadPoolExecutorMdcWrapper|Shutting down ExecutorService 'asyncServiceExecutor'
[INFO]2020-03-31 21:21:07.730|,,,||||rights-order-service||io.undertow.servlet|Destroying Spring FrameworkServlet 'dispatcherServlet'
[INFO]2020-03-31 21:21:23.564|,,,||||rights-order-service||com.cc.cmbc.order.Application|The following profiles are active: dev
[INFO]2020-03-31 21:21:25.576|,,,||||rights-order-service||org.xnio|XNIO version 3.3.8.Final
[INFO]2020-03-31 21:21:25.599|,,,||||rights-order-service||org.xnio.nio|XNIO NIO Implementation Version 3.3.8.Final
[WARN]2020-03-31 21:21:25.654|,,,||||rights-order-service||io.undertow.websockets.jsr|UT026009: XNIO worker was not set on WebSocketDeploymentInfo, the default worker will be used
[WARN]2020-03-31 21:21:25.654|,,,||||rights-order-service||io.undertow.websockets.jsr|UT026010: Buffer pool was not set on WebSocketDeploymentInfo, the default pool will be used
[INFO]2020-03-31 21:21:25.704|,,,||||rights-order-service||io.undertow.servlet|Initializing Spring embedded WebApplicationContext
[INFO]2020-03-31 21:21:26.122|,,,||||rights-order-service||c.c.c.o.common.config.RedisConfig|redis password:null
[INFO]2020-03-31 21:21:26.759|,,,||||rights-order-service||c.c.c.o.c.config.ExecutorConfig|start asyncServiceExecutor
[INFO]2020-03-31 21:21:26.767|,,,||||rights-order-service||c.c.c.o.c.l.ThreadPoolExecutorMdcWrapper|Initializing ExecutorService
[INFO]2020-03-31 21:21:26.777|,,,||||rights-order-service||c.c.c.o.c.l.ThreadPoolExecutorMdcWrapper|Initializing ExecutorService 'asyncServiceExecutor'
[WARN]2020-03-31 21:21:26.950|,,,||||rights-order-service||c.n.c.s.URLConfigurationSource|No URLs will be polled as dynamic configuration sources.
[INFO]2020-03-31 21:21:26.950|,,,||||rights-order-service||c.n.c.s.URLConfigurationSource|To enable URLs as dynamic configuration sources, define System property archaius.configurationSource.additionalUrls or make config.properties available on classpath.
[WARN]2020-03-31 21:21:26.957|,,,||||rights-order-service||c.n.c.s.URLConfigurationSource|No URLs will be polled as dynamic configuration sources.
[INFO]2020-03-31 21:21:26.957|,,,||||rights-order-service||c.n.c.s.URLConfigurationSource|To enable URLs as dynamic configuration sources, define System property archaius.configurationSource.additionalUrls or make config.properties available on classpath.
[INFO]2020-03-31 21:21:29.629|,,,||||rights-order-service||com.cc.cmbc.order.Application|Started Application in 7.655 seconds (JVM running for 16.95)
[INFO]2020-03-31 21:21:36.088|,,,||||rights-order-service||io.undertow.servlet|Initializing Spring FrameworkServlet 'dispatcherServlet'
[INFO]2020-03-31 21:21:36.153|4A471651B6B54003A16325AAFA31252F,,,||||rights-order-service||com.cc.cmbc.order.web.LogController|TestController /test invoke
[INFO]2020-03-31 21:21:36.182|4A471651B6B54003A16325AAFA31252F,,,||||rights-order-service||c.c.c.o.c.e.GlobalResponseHandler|返回参数：ReplyVo(code=200, message=交易成功, data=null)
[INFO]2020-03-31 21:21:37.657|4A471651B6B54003A16325AAFA31252F,,,||||rights-order-service||com.cc.cmbc.order.web.LogController|Another thread running
[INFO]2020-03-31 21:21:37.661|4A471651B6B54003A16325AAFA31252F,,,||||rights-order-service||c.c.c.order.message.MessageProducer|发送消息：send message
[INFO]2020-03-31 21:21:45.961|,,,|null|rights-order-service|127.0.0.1|rights-order-service||c.c.c.order.message.MessageConsumer|Consumer收到的报文为:send message
[INFO]2020-03-31 21:22:35.181|A066EABA1D6149DD92CA4A00DE0909B3,,,||||rights-order-service||com.cc.cmbc.order.web.LogController|TestController /test invoke
[INFO]2020-03-31 21:22:35.182|A066EABA1D6149DD92CA4A00DE0909B3,,,||||rights-order-service||c.c.c.o.c.e.GlobalResponseHandler|返回参数：ReplyVo(code=200, message=交易成功, data=null)
[INFO]2020-03-31 21:22:36.685|A066EABA1D6149DD92CA4A00DE0909B3,,,||||rights-order-service||c.c.c.order.message.MessageProducer|发送消息：send message
[INFO]2020-03-31 21:22:36.685|A066EABA1D6149DD92CA4A00DE0909B3,,,||||rights-order-service||com.cc.cmbc.order.web.LogController|Another thread running
[INFO]2020-03-31 21:22:48.667|,,,|null|rights-order-service|127.0.0.1|rights-order-service||c.c.c.order.message.MessageConsumer|Consumer收到的报文为:send message
[INFO]2020-03-31 21:24:26.899|,,,||||rights-order-service||c.c.c.o.c.l.ThreadPoolExecutorMdcWrapper|Shutting down ExecutorService 'asyncServiceExecutor'
[INFO]2020-03-31 21:24:26.902|,,,||||rights-order-service||io.undertow.servlet|Destroying Spring FrameworkServlet 'dispatcherServlet'
[INFO]2020-03-31 21:24:36.681|,,,||||rights-order-service||com.cc.cmbc.order.Application|The following profiles are active: dev
[INFO]2020-03-31 21:24:38.874|,,,||||rights-order-service||org.xnio|XNIO version 3.3.8.Final
[INFO]2020-03-31 21:24:38.898|,,,||||rights-order-service||org.xnio.nio|XNIO NIO Implementation Version 3.3.8.Final
[WARN]2020-03-31 21:24:38.938|,,,||||rights-order-service||io.undertow.websockets.jsr|UT026009: XNIO worker was not set on WebSocketDeploymentInfo, the default worker will be used
[WARN]2020-03-31 21:24:38.939|,,,||||rights-order-service||io.undertow.websockets.jsr|UT026010: Buffer pool was not set on WebSocketDeploymentInfo, the default pool will be used
[INFO]2020-03-31 21:24:38.975|,,,||||rights-order-service||io.undertow.servlet|Initializing Spring embedded WebApplicationContext
[INFO]2020-03-31 21:24:39.294|,,,||||rights-order-service||c.c.c.o.common.config.RedisConfig|redis password:null
[INFO]2020-03-31 21:24:39.896|,,,||||rights-order-service||c.c.c.o.c.config.ExecutorConfig|start asyncServiceExecutor
[INFO]2020-03-31 21:24:39.910|,,,||||rights-order-service||c.c.c.o.c.l.ThreadPoolExecutorMdcWrapper|Initializing ExecutorService
[INFO]2020-03-31 21:24:39.921|,,,||||rights-order-service||c.c.c.o.c.l.ThreadPoolExecutorMdcWrapper|Initializing ExecutorService 'asyncServiceExecutor'
[WARN]2020-03-31 21:24:40.134|,,,||||rights-order-service||c.n.c.s.URLConfigurationSource|No URLs will be polled as dynamic configuration sources.
[INFO]2020-03-31 21:24:40.134|,,,||||rights-order-service||c.n.c.s.URLConfigurationSource|To enable URLs as dynamic configuration sources, define System property archaius.configurationSource.additionalUrls or make config.properties available on classpath.
[WARN]2020-03-31 21:24:40.144|,,,||||rights-order-service||c.n.c.s.URLConfigurationSource|No URLs will be polled as dynamic configuration sources.
[INFO]2020-03-31 21:24:40.145|,,,||||rights-order-service||c.n.c.s.URLConfigurationSource|To enable URLs as dynamic configuration sources, define System property archaius.configurationSource.additionalUrls or make config.properties available on classpath.
[INFO]2020-03-31 21:24:42.866|,,,||||rights-order-service||com.cc.cmbc.order.Application|Started Application in 7.959 seconds (JVM running for 12.174)
[INFO]2020-03-31 21:24:45.072|,,,||||rights-order-service||io.undertow.servlet|Initializing Spring FrameworkServlet 'dispatcherServlet'
[INFO]2020-03-31 21:24:45.137|C301B4E2AE01420E93FFED472FB8EAE3,,,||||rights-order-service||com.cc.cmbc.order.web.LogController|TestController /test invoke
[INFO]2020-03-31 21:24:45.160|C301B4E2AE01420E93FFED472FB8EAE3,,,||||rights-order-service||c.c.c.o.c.e.GlobalResponseHandler|返回参数：ReplyVo(code=200, message=交易成功, data=null)
[INFO]2020-03-31 21:24:46.641|C301B4E2AE01420E93FFED472FB8EAE3,,,||||rights-order-service||com.cc.cmbc.order.web.LogController|Another thread running
[INFO]2020-03-31 21:24:46.644|C301B4E2AE01420E93FFED472FB8EAE3,,,||||rights-order-service||c.c.c.order.message.MessageProducer|发送消息：send message
[INFO]2020-03-31 21:24:55.287|,,,|null|rights-order-service|127.0.0.1|rights-order-service||c.c.c.order.message.MessageConsumer|Consumer收到的报文为:send message
[INFO]2020-03-31 21:25:32.917|436EB0A0D7634532AB66106BEB532BCD,,,||||rights-order-service||com.cc.cmbc.order.web.LogController|TestController /test invoke
[INFO]2020-03-31 21:25:32.917|436EB0A0D7634532AB66106BEB532BCD,,,||||rights-order-service||c.c.c.o.c.e.GlobalResponseHandler|返回参数：ReplyVo(code=200, message=交易成功, data=null)
[INFO]2020-03-31 21:25:34.418|436EB0A0D7634532AB66106BEB532BCD,,,||||rights-order-service||c.c.c.order.message.MessageProducer|发送消息：send message
[INFO]2020-03-31 21:25:34.418|436EB0A0D7634532AB66106BEB532BCD,,,||||rights-order-service||com.cc.cmbc.order.web.LogController|Another thread running
[INFO]2020-03-31 21:26:32.264|,,,|null|rights-order-service|127.0.0.1|rights-order-service||c.c.c.order.message.MessageConsumer|Consumer收到的报文为:send message
[INFO]2020-03-31 21:26:43.569|CE08DDB9AB7A44B1AC9B68549A726B99,,,||||rights-order-service||com.cc.cmbc.order.web.LogController|TestController /test invoke
[INFO]2020-03-31 21:26:43.569|CE08DDB9AB7A44B1AC9B68549A726B99,,,||||rights-order-service||c.c.c.o.c.e.GlobalResponseHandler|返回参数：ReplyVo(code=200, message=交易成功, data=null)
[INFO]2020-03-31 21:26:45.072|CE08DDB9AB7A44B1AC9B68549A726B99,,,||||rights-order-service||com.cc.cmbc.order.web.LogController|Another thread running
[INFO]2020-03-31 21:26:45.072|CE08DDB9AB7A44B1AC9B68549A726B99,,,||||rights-order-service||c.c.c.order.message.MessageProducer|发送消息：send message
[INFO]2020-03-31 21:27:27.221|,,,|null|rights-order-service|127.0.0.1|rights-order-service||c.c.c.order.message.MessageConsumer|Consumer收到的报文为:send message
[INFO]2020-03-31 21:27:36.407|5FDDD991A9D449BB8AE006FEA95BE6AB,,,||||rights-order-service||com.cc.cmbc.order.web.LogController|TestController /test invoke
[INFO]2020-03-31 21:27:36.409|5FDDD991A9D449BB8AE006FEA95BE6AB,,,||||rights-order-service||c.c.c.o.c.e.GlobalResponseHandler|返回参数：ReplyVo(code=200, message=交易成功, data=null)
[INFO]2020-03-31 21:27:37.908|5FDDD991A9D449BB8AE006FEA95BE6AB,,,||||rights-order-service||com.cc.cmbc.order.web.LogController|Another thread running
[INFO]2020-03-31 21:27:37.908|5FDDD991A9D449BB8AE006FEA95BE6AB,,,||||rights-order-service||c.c.c.order.message.MessageProducer|发送消息：send message
[INFO]2020-03-31 21:29:22.132|,,,|null|rights-order-service|127.0.0.1|rights-order-service||c.c.c.order.message.MessageConsumer|Consumer收到的报文为:send message
[INFO]2020-03-31 21:29:25.208|,,,||||rights-order-service||c.c.c.o.c.l.ThreadPoolExecutorMdcWrapper|Shutting down ExecutorService 'asyncServiceExecutor'
[INFO]2020-03-31 21:29:25.216|,,,||||rights-order-service||io.undertow.servlet|Destroying Spring FrameworkServlet 'dispatcherServlet'
[INFO]2020-03-31 21:29:35.710|,,,||||rights-order-service||com.cc.cmbc.order.Application|The following profiles are active: dev
[INFO]2020-03-31 21:29:38.050|,,,||||rights-order-service||org.xnio|XNIO version 3.3.8.Final
[INFO]2020-03-31 21:29:38.071|,,,||||rights-order-service||org.xnio.nio|XNIO NIO Implementation Version 3.3.8.Final
[WARN]2020-03-31 21:29:38.109|,,,||||rights-order-service||io.undertow.websockets.jsr|UT026009: XNIO worker was not set on WebSocketDeploymentInfo, the default worker will be used
[WARN]2020-03-31 21:29:38.109|,,,||||rights-order-service||io.undertow.websockets.jsr|UT026010: Buffer pool was not set on WebSocketDeploymentInfo, the default pool will be used
[INFO]2020-03-31 21:29:38.143|,,,||||rights-order-service||io.undertow.servlet|Initializing Spring embedded WebApplicationContext
[INFO]2020-03-31 21:29:38.431|,,,||||rights-order-service||c.c.c.o.common.config.RedisConfig|redis password:null
[INFO]2020-03-31 21:29:39.036|,,,||||rights-order-service||c.c.c.o.c.config.ExecutorConfig|start asyncServiceExecutor
[INFO]2020-03-31 21:29:39.046|,,,||||rights-order-service||c.c.c.o.c.l.ThreadPoolExecutorMdcWrapper|Initializing ExecutorService
[INFO]2020-03-31 21:29:39.057|,,,||||rights-order-service||c.c.c.o.c.l.ThreadPoolExecutorMdcWrapper|Initializing ExecutorService 'asyncServiceExecutor'
[WARN]2020-03-31 21:29:39.291|,,,||||rights-order-service||c.n.c.s.URLConfigurationSource|No URLs will be polled as dynamic configuration sources.
[INFO]2020-03-31 21:29:39.291|,,,||||rights-order-service||c.n.c.s.URLConfigurationSource|To enable URLs as dynamic configuration sources, define System property archaius.configurationSource.additionalUrls or make config.properties available on classpath.
[WARN]2020-03-31 21:29:39.299|,,,||||rights-order-service||c.n.c.s.URLConfigurationSource|No URLs will be polled as dynamic configuration sources.
[INFO]2020-03-31 21:29:39.299|,,,||||rights-order-service||c.n.c.s.URLConfigurationSource|To enable URLs as dynamic configuration sources, define System property archaius.configurationSource.additionalUrls or make config.properties available on classpath.
[INFO]2020-03-31 21:29:41.942|,,,||||rights-order-service||com.cc.cmbc.order.Application|Started Application in 8.016 seconds (JVM running for 12.797)
[INFO]2020-03-31 21:29:49.383|,,,||||rights-order-service||io.undertow.servlet|Initializing Spring FrameworkServlet 'dispatcherServlet'
[INFO]2020-03-31 21:29:49.452|9F61780AFEB8440DB071F8BA80053BC1,,,||||rights-order-service||com.cc.cmbc.order.web.LogController|TestController /test invoke
[INFO]2020-03-31 21:29:49.478|9F61780AFEB8440DB071F8BA80053BC1,,,||||rights-order-service||c.c.c.o.c.e.GlobalResponseHandler|返回参数：ReplyVo(code=200, message=交易成功, data=null)
[INFO]2020-03-31 21:29:50.957|9F61780AFEB8440DB071F8BA80053BC1,,,||||rights-order-service||com.cc.cmbc.order.web.LogController|Another thread running
[INFO]2020-03-31 21:29:50.960|9F61780AFEB8440DB071F8BA80053BC1,,,||||rights-order-service||c.c.c.order.message.MessageProducer|发送消息：send message
[INFO]2020-03-31 21:30:16.669|9F61780AFEB8440DB071F8BA80053BC1,,,|null|rights-order-service|127.0.0.1|rights-order-service||c.c.c.order.message.MessageConsumer|Consumer收到的报文为:send message
[INFO]2020-03-31 21:36:44.365|EF7212B9D5BE442BB30225E4EBFC4FAB,,,||||rights-order-service||com.cc.cmbc.order.web.LogController|TestController /test invoke
[INFO]2020-03-31 21:36:44.365|EF7212B9D5BE442BB30225E4EBFC4FAB,,,||||rights-order-service||c.c.c.o.c.e.GlobalResponseHandler|返回参数：ReplyVo(code=200, message=交易成功, data=null)
[INFO]2020-03-31 21:36:45.870|EF7212B9D5BE442BB30225E4EBFC4FAB,,,||||rights-order-service||c.c.c.order.message.MessageProducer|发送消息：send message
[INFO]2020-03-31 21:36:45.870|EF7212B9D5BE442BB30225E4EBFC4FAB,,,||||rights-order-service||com.cc.cmbc.order.web.LogController|Another thread running
[INFO]2020-03-31 21:37:07.469|EF7212B9D5BE442BB30225E4EBFC4FAB,,,|null|rights-order-service|127.0.0.1|rights-order-service||c.c.c.order.message.MessageConsumer|Consumer收到的报文为:send message
[INFO]2020-03-31 21:59:56.696|,,,||||rights-order-service||c.c.c.o.c.l.ThreadPoolExecutorMdcWrapper|Shutting down ExecutorService 'asyncServiceExecutor'
[INFO]2020-03-31 21:59:56.703|,,,||||rights-order-service||io.undertow.servlet|Destroying Spring FrameworkServlet 'dispatcherServlet'
[INFO]2020-03-31 22:00:11.791|,,,||||rights-order-service||com.cc.cmbc.order.Application|The following profiles are active: dev
[INFO]2020-03-31 22:00:13.955|,,,||||rights-order-service||org.xnio|XNIO version 3.3.8.Final
[INFO]2020-03-31 22:00:13.976|,,,||||rights-order-service||org.xnio.nio|XNIO NIO Implementation Version 3.3.8.Final
[WARN]2020-03-31 22:00:14.013|,,,||||rights-order-service||io.undertow.websockets.jsr|UT026009: XNIO worker was not set on WebSocketDeploymentInfo, the default worker will be used
[WARN]2020-03-31 22:00:14.013|,,,||||rights-order-service||io.undertow.websockets.jsr|UT026010: Buffer pool was not set on WebSocketDeploymentInfo, the default pool will be used
[INFO]2020-03-31 22:00:14.049|,,,||||rights-order-service||io.undertow.servlet|Initializing Spring embedded WebApplicationContext
[INFO]2020-03-31 22:00:14.394|,,,||||rights-order-service||c.c.c.o.common.config.RedisConfig|redis password:null
[INFO]2020-03-31 22:00:15.048|,,,||||rights-order-service||c.c.c.o.c.config.ExecutorConfig|start asyncServiceExecutor
[INFO]2020-03-31 22:00:15.060|,,,||||rights-order-service||c.c.c.o.c.l.ThreadPoolExecutorMdcWrapper|Initializing ExecutorService
[INFO]2020-03-31 22:00:15.071|,,,||||rights-order-service||c.c.c.o.c.l.ThreadPoolExecutorMdcWrapper|Initializing ExecutorService 'asyncServiceExecutor'
[WARN]2020-03-31 22:00:15.313|,,,||||rights-order-service||c.n.c.s.URLConfigurationSource|No URLs will be polled as dynamic configuration sources.
[INFO]2020-03-31 22:00:15.314|,,,||||rights-order-service||c.n.c.s.URLConfigurationSource|To enable URLs as dynamic configuration sources, define System property archaius.configurationSource.additionalUrls or make config.properties available on classpath.
[WARN]2020-03-31 22:00:15.322|,,,||||rights-order-service||c.n.c.s.URLConfigurationSource|No URLs will be polled as dynamic configuration sources.
[INFO]2020-03-31 22:00:15.322|,,,||||rights-order-service||c.n.c.s.URLConfigurationSource|To enable URLs as dynamic configuration sources, define System property archaius.configurationSource.additionalUrls or make config.properties available on classpath.
[INFO]2020-03-31 22:02:32.043|,,,||||rights-order-service||com.cc.cmbc.order.Application|The following profiles are active: dev
[INFO]2020-03-31 22:02:35.081|,,,||||rights-order-service||org.xnio|XNIO version 3.3.8.Final
[INFO]2020-03-31 22:02:35.103|,,,||||rights-order-service||org.xnio.nio|XNIO NIO Implementation Version 3.3.8.Final
[WARN]2020-03-31 22:02:35.140|,,,||||rights-order-service||io.undertow.websockets.jsr|UT026009: XNIO worker was not set on WebSocketDeploymentInfo, the default worker will be used
[WARN]2020-03-31 22:02:35.141|,,,||||rights-order-service||io.undertow.websockets.jsr|UT026010: Buffer pool was not set on WebSocketDeploymentInfo, the default pool will be used
[INFO]2020-03-31 22:02:35.176|,,,||||rights-order-service||io.undertow.servlet|Initializing Spring embedded WebApplicationContext
[ERROR]2020-03-31 22:02:35.588|,,,||||rights-order-service||o.s.b.d.LoggingFailureAnalysisReporter|

***************************
APPLICATION FAILED TO START
***************************

Description:

Parameter 0 of method connectionFactory in com.cc.cmbc.order.common.config.ActiveMQConnectionConfig required a bean of type 'org.springframework.boot.autoconfigure.jms.activemq.ActiveMQProperties' that could not be found.

The injection point has the following annotations:
	- @org.springframework.beans.factory.annotation.Qualifier(value=connectionFactory)


Action:

Consider defining a bean of type 'org.springframework.boot.autoconfigure.jms.activemq.ActiveMQProperties' in your configuration.

[INFO]2020-03-31 22:05:56.215|,,,||||rights-order-service||com.cc.cmbc.order.Application|The following profiles are active: dev
[INFO]2020-03-31 22:05:58.264|,,,||||rights-order-service||org.xnio|XNIO version 3.3.8.Final
[INFO]2020-03-31 22:05:58.286|,,,||||rights-order-service||org.xnio.nio|XNIO NIO Implementation Version 3.3.8.Final
[WARN]2020-03-31 22:05:58.355|,,,||||rights-order-service||io.undertow.websockets.jsr|UT026009: XNIO worker was not set on WebSocketDeploymentInfo, the default worker will be used
[WARN]2020-03-31 22:05:58.355|,,,||||rights-order-service||io.undertow.websockets.jsr|UT026010: Buffer pool was not set on WebSocketDeploymentInfo, the default pool will be used
[INFO]2020-03-31 22:05:58.394|,,,||||rights-order-service||io.undertow.servlet|Initializing Spring embedded WebApplicationContext
[INFO]2020-03-31 22:05:58.750|,,,||||rights-order-service||c.c.c.o.common.config.RedisConfig|redis password:null
[INFO]2020-03-31 22:05:59.374|,,,||||rights-order-service||c.c.c.o.c.config.ExecutorConfig|start asyncServiceExecutor
[INFO]2020-03-31 22:05:59.382|,,,||||rights-order-service||c.c.c.o.c.l.ThreadPoolExecutorMdcWrapper|Initializing ExecutorService
[INFO]2020-03-31 22:05:59.392|,,,||||rights-order-service||c.c.c.o.c.l.ThreadPoolExecutorMdcWrapper|Initializing ExecutorService 'asyncServiceExecutor'
[WARN]2020-03-31 22:05:59.561|,,,||||rights-order-service||c.n.c.s.URLConfigurationSource|No URLs will be polled as dynamic configuration sources.
[INFO]2020-03-31 22:05:59.561|,,,||||rights-order-service||c.n.c.s.URLConfigurationSource|To enable URLs as dynamic configuration sources, define System property archaius.configurationSource.additionalUrls or make config.properties available on classpath.
[WARN]2020-03-31 22:05:59.568|,,,||||rights-order-service||c.n.c.s.URLConfigurationSource|No URLs will be polled as dynamic configuration sources.
[INFO]2020-03-31 22:05:59.568|,,,||||rights-order-service||c.n.c.s.URLConfigurationSource|To enable URLs as dynamic configuration sources, define System property archaius.configurationSource.additionalUrls or make config.properties available on classpath.
[INFO]2020-03-31 22:06:02.232|,,,||||rights-order-service||com.cc.cmbc.order.Application|Started Application in 7.708 seconds (JVM running for 17.162)
[INFO]2020-03-31 22:06:07.373|,,,||||rights-order-service||io.undertow.servlet|Initializing Spring FrameworkServlet 'dispatcherServlet'
[INFO]2020-03-31 22:06:07.439|83441D194176433C9D7E99A0F0FFEE48,,,||||rights-order-service||com.cc.cmbc.order.web.LogController|TestController /test invoke
[INFO]2020-03-31 22:06:07.467|83441D194176433C9D7E99A0F0FFEE48,,,||||rights-order-service||c.c.c.o.c.e.GlobalResponseHandler|返回参数：ReplyVo(code=200, message=交易成功, data=null)
[INFO]2020-03-31 22:06:08.942|83441D194176433C9D7E99A0F0FFEE48,,,||||rights-order-service||com.cc.cmbc.order.web.LogController|Another thread running
[INFO]2020-03-31 22:06:08.944|83441D194176433C9D7E99A0F0FFEE48,,,||||rights-order-service||c.c.c.order.message.MessageProducer|发送消息：send message
[INFO]2020-03-31 22:06:09.084|83441D194176433C9D7E99A0F0FFEE48,,,|null|rights-order-service|127.0.0.1|rights-order-service||c.c.c.order.message.MessageConsumer|Consumer收到的报文为:send message
[INFO]2020-03-31 22:06:15.586|3893C6E4D3CF46C89CFAADC4DEA8A0FD,,,||||rights-order-service||com.cc.cmbc.order.web.LogController|TestController /test invoke
[INFO]2020-03-31 22:06:15.587|3893C6E4D3CF46C89CFAADC4DEA8A0FD,,,||||rights-order-service||c.c.c.o.c.e.GlobalResponseHandler|返回参数：ReplyVo(code=200, message=交易成功, data=null)
[INFO]2020-03-31 22:06:15.865|DECD0CE4D36A4973B42A5D4FD71EF005,,,||||rights-order-service||com.cc.cmbc.order.web.LogController|TestController /test invoke
[INFO]2020-03-31 22:06:15.865|DECD0CE4D36A4973B42A5D4FD71EF005,,,||||rights-order-service||c.c.c.o.c.e.GlobalResponseHandler|返回参数：ReplyVo(code=200, message=交易成功, data=null)
[INFO]2020-03-31 22:06:16.050|FC02587D317D45AEBE094AF2218490BD,,,||||rights-order-service||com.cc.cmbc.order.web.LogController|TestController /test invoke
[INFO]2020-03-31 22:06:16.051|FC02587D317D45AEBE094AF2218490BD,,,||||rights-order-service||c.c.c.o.c.e.GlobalResponseHandler|返回参数：ReplyVo(code=200, message=交易成功, data=null)
[INFO]2020-03-31 22:06:16.223|F8A7DF0A6D0B4F9DBEA052C135C78A75,,,||||rights-order-service||com.cc.cmbc.order.web.LogController|TestController /test invoke
[INFO]2020-03-31 22:06:16.223|F8A7DF0A6D0B4F9DBEA052C135C78A75,,,||||rights-order-service||c.c.c.o.c.e.GlobalResponseHandler|返回参数：ReplyVo(code=200, message=交易成功, data=null)
[INFO]2020-03-31 22:06:16.385|467D36DC324D4F6EAE62C0B116C3ADF6,,,||||rights-order-service||c.c.c.o.c.e.GlobalResponseHandler|返回参数：ReplyVo(code=200, message=交易成功, data=null)
[INFO]2020-03-31 22:06:16.386|467D36DC324D4F6EAE62C0B116C3ADF6,,,||||rights-order-service||com.cc.cmbc.order.web.LogController|TestController /test invoke
[INFO]2020-03-31 22:06:17.088|3893C6E4D3CF46C89CFAADC4DEA8A0FD,,,||||rights-order-service||c.c.c.order.message.MessageProducer|发送消息：send message
[INFO]2020-03-31 22:06:17.127|3893C6E4D3CF46C89CFAADC4DEA8A0FD,,,||||rights-order-service||com.cc.cmbc.order.web.LogController|Another thread running
[INFO]2020-03-31 22:06:17.127|3893C6E4D3CF46C89CFAADC4DEA8A0FD,,,|null|rights-order-service|127.0.0.1|rights-order-service||c.c.c.order.message.MessageConsumer|Consumer收到的报文为:send message
[INFO]2020-03-31 22:06:17.368|DECD0CE4D36A4973B42A5D4FD71EF005,,,||||rights-order-service||c.c.c.order.message.MessageProducer|发送消息：send message
[INFO]2020-03-31 22:06:17.368|DECD0CE4D36A4973B42A5D4FD71EF005,,,||||rights-order-service||com.cc.cmbc.order.web.LogController|Another thread running
[INFO]2020-03-31 22:06:17.414|DECD0CE4D36A4973B42A5D4FD71EF005,,,|null|rights-order-service|127.0.0.1|rights-order-service||c.c.c.order.message.MessageConsumer|Consumer收到的报文为:send message
[INFO]2020-03-31 22:06:17.552|FC02587D317D45AEBE094AF2218490BD,,,||||rights-order-service||com.cc.cmbc.order.web.LogController|Another thread running
[INFO]2020-03-31 22:06:17.552|FC02587D317D45AEBE094AF2218490BD,,,||||rights-order-service||c.c.c.order.message.MessageProducer|发送消息：send message
[INFO]2020-03-31 22:06:17.586|FC02587D317D45AEBE094AF2218490BD,,,|null|rights-order-service|127.0.0.1|rights-order-service||c.c.c.order.message.MessageConsumer|Consumer收到的报文为:send message
[INFO]2020-03-31 22:06:17.726|F8A7DF0A6D0B4F9DBEA052C135C78A75,,,||||rights-order-service||c.c.c.order.message.MessageProducer|发送消息：send message
[INFO]2020-03-31 22:06:17.726|F8A7DF0A6D0B4F9DBEA052C135C78A75,,,||||rights-order-service||com.cc.cmbc.order.web.LogController|Another thread running
[INFO]2020-03-31 22:06:17.758|F8A7DF0A6D0B4F9DBEA052C135C78A75,,,|null|rights-order-service|127.0.0.1|rights-order-service||c.c.c.order.message.MessageConsumer|Consumer收到的报文为:send message
[INFO]2020-03-31 22:06:17.888|467D36DC324D4F6EAE62C0B116C3ADF6,,,||||rights-order-service||c.c.c.order.message.MessageProducer|发送消息：send message
[INFO]2020-03-31 22:06:17.888|467D36DC324D4F6EAE62C0B116C3ADF6,,,||||rights-order-service||com.cc.cmbc.order.web.LogController|Another thread running
[INFO]2020-03-31 22:06:17.933|467D36DC324D4F6EAE62C0B116C3ADF6,,,|null|rights-order-service|127.0.0.1|rights-order-service||c.c.c.order.message.MessageConsumer|Consumer收到的报文为:send message
[INFO]2020-03-31 22:07:41.180|,,,||||rights-order-service||c.c.c.o.c.l.ThreadPoolExecutorMdcWrapper|Shutting down ExecutorService 'asyncServiceExecutor'
[INFO]2020-03-31 22:07:41.183|,,,||||rights-order-service||io.undertow.servlet|Destroying Spring FrameworkServlet 'dispatcherServlet'
[INFO]2020-03-31 22:07:53.617|,,,||||rights-order-service||com.cc.cmbc.order.Application|The following profiles are active: dev
[INFO]2020-03-31 22:07:55.980|,,,||||rights-order-service||org.xnio|XNIO version 3.3.8.Final
[INFO]2020-03-31 22:07:56.003|,,,||||rights-order-service||org.xnio.nio|XNIO NIO Implementation Version 3.3.8.Final
[WARN]2020-03-31 22:07:56.040|,,,||||rights-order-service||io.undertow.websockets.jsr|UT026009: XNIO worker was not set on WebSocketDeploymentInfo, the default worker will be used
[WARN]2020-03-31 22:07:56.041|,,,||||rights-order-service||io.undertow.websockets.jsr|UT026010: Buffer pool was not set on WebSocketDeploymentInfo, the default pool will be used
[INFO]2020-03-31 22:07:56.080|,,,||||rights-order-service||io.undertow.servlet|Initializing Spring embedded WebApplicationContext
[ERROR]2020-03-31 22:07:56.455|,,,||||rights-order-service||o.s.b.d.LoggingFailureAnalysisReporter|

***************************
APPLICATION FAILED TO START
***************************

Description:

Parameter 0 of method connectionFactory in com.cc.cmbc.order.common.config.ActiveMQConnectionConfig required a bean of type 'org.springframework.boot.autoconfigure.jms.activemq.ActiveMQProperties' that could not be found.


Action:

Consider defining a bean of type 'org.springframework.boot.autoconfigure.jms.activemq.ActiveMQProperties' in your configuration.

[INFO]2020-03-31 22:08:18.431|,,,||||rights-order-service||com.cc.cmbc.order.Application|The following profiles are active: dev
[INFO]2020-03-31 22:08:20.672|,,,||||rights-order-service||org.xnio|XNIO version 3.3.8.Final
[INFO]2020-03-31 22:08:20.698|,,,||||rights-order-service||org.xnio.nio|XNIO NIO Implementation Version 3.3.8.Final
[WARN]2020-03-31 22:08:20.740|,,,||||rights-order-service||io.undertow.websockets.jsr|UT026009: XNIO worker was not set on WebSocketDeploymentInfo, the default worker will be used
[WARN]2020-03-31 22:08:20.740|,,,||||rights-order-service||io.undertow.websockets.jsr|UT026010: Buffer pool was not set on WebSocketDeploymentInfo, the default pool will be used
[INFO]2020-03-31 22:08:20.805|,,,||||rights-order-service||io.undertow.servlet|Initializing Spring embedded WebApplicationContext
[INFO]2020-03-31 22:08:21.090|,,,||||rights-order-service||c.c.c.o.common.config.RedisConfig|redis password:null
[INFO]2020-03-31 22:08:21.665|,,,||||rights-order-service||c.c.c.o.c.config.ExecutorConfig|start asyncServiceExecutor
[INFO]2020-03-31 22:08:21.673|,,,||||rights-order-service||c.c.c.o.c.l.ThreadPoolExecutorMdcWrapper|Initializing ExecutorService
[INFO]2020-03-31 22:08:21.682|,,,||||rights-order-service||c.c.c.o.c.l.ThreadPoolExecutorMdcWrapper|Initializing ExecutorService 'asyncServiceExecutor'
[WARN]2020-03-31 22:08:21.847|,,,||||rights-order-service||c.n.c.s.URLConfigurationSource|No URLs will be polled as dynamic configuration sources.
[INFO]2020-03-31 22:08:21.847|,,,||||rights-order-service||c.n.c.s.URLConfigurationSource|To enable URLs as dynamic configuration sources, define System property archaius.configurationSource.additionalUrls or make config.properties available on classpath.
[WARN]2020-03-31 22:08:21.855|,,,||||rights-order-service||c.n.c.s.URLConfigurationSource|No URLs will be polled as dynamic configuration sources.
[INFO]2020-03-31 22:08:21.855|,,,||||rights-order-service||c.n.c.s.URLConfigurationSource|To enable URLs as dynamic configuration sources, define System property archaius.configurationSource.additionalUrls or make config.properties available on classpath.
[INFO]2020-03-31 22:08:24.169|,,,||||rights-order-service||com.cc.cmbc.order.Application|Started Application in 7.614 seconds (JVM running for 11.782)
[INFO]2020-03-31 22:08:31.558|,,,||||rights-order-service||io.undertow.servlet|Initializing Spring FrameworkServlet 'dispatcherServlet'
[INFO]2020-03-31 22:08:31.637|131C324132574BF1942635EB73FC2BF6,,,||||rights-order-service||com.cc.cmbc.order.web.LogController|TestController /test invoke
[INFO]2020-03-31 22:08:31.668|131C324132574BF1942635EB73FC2BF6,,,||||rights-order-service||c.c.c.o.c.e.GlobalResponseHandler|返回参数：ReplyVo(code=200, message=交易成功, data=null)
[INFO]2020-03-31 22:08:33.143|131C324132574BF1942635EB73FC2BF6,,,||||rights-order-service||com.cc.cmbc.order.web.LogController|Another thread running
[INFO]2020-03-31 22:08:33.145|131C324132574BF1942635EB73FC2BF6,,,||||rights-order-service||c.c.c.order.message.MessageProducer|发送消息：send message
[INFO]2020-03-31 22:08:33.296|131C324132574BF1942635EB73FC2BF6,,,|null|rights-order-service|127.0.0.1|rights-order-service||c.c.c.order.message.MessageConsumer|Consumer收到的报文为:send message
[INFO]2020-03-31 22:08:33.541|D209468F7F194C9FA5FD1A41B1238473,,,||||rights-order-service||com.cc.cmbc.order.web.LogController|TestController /test invoke
[INFO]2020-03-31 22:08:33.542|D209468F7F194C9FA5FD1A41B1238473,,,||||rights-order-service||c.c.c.o.c.e.GlobalResponseHandler|返回参数：ReplyVo(code=200, message=交易成功, data=null)
[INFO]2020-03-31 22:08:35.046|D209468F7F194C9FA5FD1A41B1238473,,,||||rights-order-service||c.c.c.order.message.MessageProducer|发送消息：send message
[INFO]2020-03-31 22:08:35.046|D209468F7F194C9FA5FD1A41B1238473,,,||||rights-order-service||com.cc.cmbc.order.web.LogController|Another thread running
[INFO]2020-03-31 22:08:35.075|D209468F7F194C9FA5FD1A41B1238473,,,|null|rights-order-service|127.0.0.1|rights-order-service||c.c.c.order.message.MessageConsumer|Consumer收到的报文为:send message
[INFO]2020-03-31 22:12:35.696|,,,||||rights-order-service||c.c.c.o.c.l.ThreadPoolExecutorMdcWrapper|Shutting down ExecutorService 'asyncServiceExecutor'
[INFO]2020-03-31 22:12:35.699|,,,||||rights-order-service||io.undertow.servlet|Destroying Spring FrameworkServlet 'dispatcherServlet'
[INFO]2020-03-31 22:12:45.994|,,,||||rights-order-service||com.cc.cmbc.order.Application|The following profiles are active: dev
[INFO]2020-03-31 22:12:48.198|,,,||||rights-order-service||org.xnio|XNIO version 3.3.8.Final
[INFO]2020-03-31 22:12:48.220|,,,||||rights-order-service||org.xnio.nio|XNIO NIO Implementation Version 3.3.8.Final
[WARN]2020-03-31 22:12:48.258|,,,||||rights-order-service||io.undertow.websockets.jsr|UT026009: XNIO worker was not set on WebSocketDeploymentInfo, the default worker will be used
[WARN]2020-03-31 22:12:48.258|,,,||||rights-order-service||io.undertow.websockets.jsr|UT026010: Buffer pool was not set on WebSocketDeploymentInfo, the default pool will be used
[INFO]2020-03-31 22:12:48.294|,,,||||rights-order-service||io.undertow.servlet|Initializing Spring embedded WebApplicationContext
[INFO]2020-03-31 22:12:48.681|,,,||||rights-order-service||c.c.c.o.common.config.RedisConfig|redis password:null
[INFO]2020-03-31 22:12:49.362|,,,||||rights-order-service||c.c.c.o.c.config.ExecutorConfig|start asyncServiceExecutor
[INFO]2020-03-31 22:12:49.371|,,,||||rights-order-service||c.c.c.o.c.l.ThreadPoolExecutorMdcWrapper|Initializing ExecutorService
[INFO]2020-03-31 22:12:49.382|,,,||||rights-order-service||c.c.c.o.c.l.ThreadPoolExecutorMdcWrapper|Initializing ExecutorService 'asyncServiceExecutor'
[WARN]2020-03-31 22:12:49.616|,,,||||rights-order-service||c.n.c.s.URLConfigurationSource|No URLs will be polled as dynamic configuration sources.
[INFO]2020-03-31 22:12:49.617|,,,||||rights-order-service||c.n.c.s.URLConfigurationSource|To enable URLs as dynamic configuration sources, define System property archaius.configurationSource.additionalUrls or make config.properties available on classpath.
[WARN]2020-03-31 22:12:49.626|,,,||||rights-order-service||c.n.c.s.URLConfigurationSource|No URLs will be polled as dynamic configuration sources.
[INFO]2020-03-31 22:12:49.626|,,,||||rights-order-service||c.n.c.s.URLConfigurationSource|To enable URLs as dynamic configuration sources, define System property archaius.configurationSource.additionalUrls or make config.properties available on classpath.
[INFO]2020-03-31 22:12:52.182|,,,||||rights-order-service||com.cc.cmbc.order.Application|Started Application in 8.017 seconds (JVM running for 12.893)
[INFO]2020-03-31 22:14:03.985|,,,||||rights-order-service||c.c.c.o.c.l.ThreadPoolExecutorMdcWrapper|Shutting down ExecutorService 'asyncServiceExecutor'
[INFO]2020-03-31 22:14:15.766|,,,||||rights-order-service||com.cc.cmbc.order.Application|The following profiles are active: dev
[INFO]2020-03-31 22:14:18.057|,,,||||rights-order-service||org.xnio|XNIO version 3.3.8.Final
[INFO]2020-03-31 22:14:18.079|,,,||||rights-order-service||org.xnio.nio|XNIO NIO Implementation Version 3.3.8.Final
[WARN]2020-03-31 22:14:18.115|,,,||||rights-order-service||io.undertow.websockets.jsr|UT026009: XNIO worker was not set on WebSocketDeploymentInfo, the default worker will be used
[WARN]2020-03-31 22:14:18.115|,,,||||rights-order-service||io.undertow.websockets.jsr|UT026010: Buffer pool was not set on WebSocketDeploymentInfo, the default pool will be used
[INFO]2020-03-31 22:14:18.150|,,,||||rights-order-service||io.undertow.servlet|Initializing Spring embedded WebApplicationContext
[ERROR]2020-03-31 22:14:18.511|,,,||||rights-order-service||o.s.b.d.LoggingFailureAnalysisReporter|

***************************
APPLICATION FAILED TO START
***************************

Description:

Parameter 0 of method jmsListenerQueueContainer in com.cc.cmbc.order.common.config.ActiveMQConnectionConfig required a bean of type 'org.apache.activemq.ActiveMQConnectionFactory' that could not be found.

The following candidates were found but could not be injected:
	- Bean method 'connectionFactory' in 'ActiveMQConnectionConfig' not loaded because @ConditionalOnProperty (spring.activemq.pool.enabled=false) found different value in property 'enabled'


Action:

Consider revisiting the entries above or defining a bean of type 'org.apache.activemq.ActiveMQConnectionFactory' in your configuration.

[INFO]2020-03-31 22:14:39.566|,,,||||rights-order-service||com.cc.cmbc.order.Application|The following profiles are active: dev
[INFO]2020-03-31 22:14:42.472|,,,||||rights-order-service||org.xnio|XNIO version 3.3.8.Final
[INFO]2020-03-31 22:14:42.496|,,,||||rights-order-service||org.xnio.nio|XNIO NIO Implementation Version 3.3.8.Final
[WARN]2020-03-31 22:14:42.542|,,,||||rights-order-service||io.undertow.websockets.jsr|UT026009: XNIO worker was not set on WebSocketDeploymentInfo, the default worker will be used
[WARN]2020-03-31 22:14:42.543|,,,||||rights-order-service||io.undertow.websockets.jsr|UT026010: Buffer pool was not set on WebSocketDeploymentInfo, the default pool will be used
[INFO]2020-03-31 22:14:42.582|,,,||||rights-order-service||io.undertow.servlet|Initializing Spring embedded WebApplicationContext
[INFO]2020-03-31 22:14:42.897|,,,||||rights-order-service||c.c.c.o.common.config.RedisConfig|redis password:null
[INFO]2020-03-31 22:14:43.530|,,,||||rights-order-service||c.c.c.o.c.config.ExecutorConfig|start asyncServiceExecutor
[INFO]2020-03-31 22:14:43.542|,,,||||rights-order-service||c.c.c.o.c.l.ThreadPoolExecutorMdcWrapper|Initializing ExecutorService
[INFO]2020-03-31 22:14:43.557|,,,||||rights-order-service||c.c.c.o.c.l.ThreadPoolExecutorMdcWrapper|Initializing ExecutorService 'asyncServiceExecutor'
[WARN]2020-03-31 22:14:43.802|,,,||||rights-order-service||c.n.c.s.URLConfigurationSource|No URLs will be polled as dynamic configuration sources.
[INFO]2020-03-31 22:14:43.802|,,,||||rights-order-service||c.n.c.s.URLConfigurationSource|To enable URLs as dynamic configuration sources, define System property archaius.configurationSource.additionalUrls or make config.properties available on classpath.
[WARN]2020-03-31 22:14:43.813|,,,||||rights-order-service||c.n.c.s.URLConfigurationSource|No URLs will be polled as dynamic configuration sources.
[INFO]2020-03-31 22:14:43.813|,,,||||rights-order-service||c.n.c.s.URLConfigurationSource|To enable URLs as dynamic configuration sources, define System property archaius.configurationSource.additionalUrls or make config.properties available on classpath.
[INFO]2020-03-31 22:14:46.451|,,,||||rights-order-service||com.cc.cmbc.order.Application|Started Application in 8.903 seconds (JVM running for 13.648)
[INFO]2020-03-31 22:14:50.782|,,,||||rights-order-service||io.undertow.servlet|Initializing Spring FrameworkServlet 'dispatcherServlet'
[INFO]2020-03-31 22:14:50.874|04F357F32EBF474A8A02D3A09B1619BD,,,||||rights-order-service||com.cc.cmbc.order.web.LogController|TestController /test invoke
[INFO]2020-03-31 22:14:50.914|04F357F32EBF474A8A02D3A09B1619BD,,,||||rights-order-service||c.c.c.o.c.e.GlobalResponseHandler|返回参数：ReplyVo(code=200, message=交易成功, data=null)
[INFO]2020-03-31 22:14:51.725|60BFC1A595E9425EBECC1C4F7D432BE0,,,||||rights-order-service||com.cc.cmbc.order.web.LogController|TestController /test invoke
[INFO]2020-03-31 22:14:51.726|60BFC1A595E9425EBECC1C4F7D432BE0,,,||||rights-order-service||c.c.c.o.c.e.GlobalResponseHandler|返回参数：ReplyVo(code=200, message=交易成功, data=null)
[INFO]2020-03-31 22:14:52.378|04F357F32EBF474A8A02D3A09B1619BD,,,||||rights-order-service||com.cc.cmbc.order.web.LogController|Another thread running
[INFO]2020-03-31 22:14:52.381|04F357F32EBF474A8A02D3A09B1619BD,,,||||rights-order-service||c.c.c.order.message.MessageProducer|发送消息：send message
[INFO]2020-03-31 22:14:52.552|04F357F32EBF474A8A02D3A09B1619BD,,,|null|rights-order-service|127.0.0.1|rights-order-service||c.c.c.order.message.MessageConsumer|Consumer收到的报文为:send message
[INFO]2020-03-31 22:14:53.227|60BFC1A595E9425EBECC1C4F7D432BE0,,,||||rights-order-service||c.c.c.order.message.MessageProducer|发送消息：send message
[INFO]2020-03-31 22:14:53.227|60BFC1A595E9425EBECC1C4F7D432BE0,,,||||rights-order-service||com.cc.cmbc.order.web.LogController|Another thread running
[INFO]2020-03-31 22:14:53.260|60BFC1A595E9425EBECC1C4F7D432BE0,,,|null|rights-order-service|127.0.0.1|rights-order-service||c.c.c.order.message.MessageConsumer|Consumer收到的报文为:send message
[INFO]2020-03-31 22:15:06.374|,,,||||rights-order-service||c.c.c.o.c.l.ThreadPoolExecutorMdcWrapper|Shutting down ExecutorService 'asyncServiceExecutor'
[INFO]2020-03-31 22:15:06.380|,,,||||rights-order-service||io.undertow.servlet|Destroying Spring FrameworkServlet 'dispatcherServlet'
[INFO]2020-03-31 22:15:14.127|,,,||||rights-order-service||com.cc.cmbc.order.Application|The following profiles are active: dev
[INFO]2020-03-31 22:15:16.370|,,,||||rights-order-service||org.xnio|XNIO version 3.3.8.Final
[INFO]2020-03-31 22:15:16.392|,,,||||rights-order-service||org.xnio.nio|XNIO NIO Implementation Version 3.3.8.Final
[WARN]2020-03-31 22:15:16.430|,,,||||rights-order-service||io.undertow.websockets.jsr|UT026009: XNIO worker was not set on WebSocketDeploymentInfo, the default worker will be used
[WARN]2020-03-31 22:15:16.430|,,,||||rights-order-service||io.undertow.websockets.jsr|UT026010: Buffer pool was not set on WebSocketDeploymentInfo, the default pool will be used
[INFO]2020-03-31 22:15:16.465|,,,||||rights-order-service||io.undertow.servlet|Initializing Spring embedded WebApplicationContext
[INFO]2020-03-31 22:15:16.751|,,,||||rights-order-service||c.c.c.o.common.config.RedisConfig|redis password:null
[INFO]2020-03-31 22:15:17.354|,,,||||rights-order-service||c.c.c.o.c.config.ExecutorConfig|start asyncServiceExecutor
[INFO]2020-03-31 22:15:17.363|,,,||||rights-order-service||c.c.c.o.c.l.ThreadPoolExecutorMdcWrapper|Initializing ExecutorService
[INFO]2020-03-31 22:15:17.375|,,,||||rights-order-service||c.c.c.o.c.l.ThreadPoolExecutorMdcWrapper|Initializing ExecutorService 'asyncServiceExecutor'
[WARN]2020-03-31 22:16:11.851|,,,||||rights-order-service||c.n.c.s.URLConfigurationSource|No URLs will be polled as dynamic configuration sources.
[INFO]2020-03-31 22:16:11.852|,,,||||rights-order-service||c.n.c.s.URLConfigurationSource|To enable URLs as dynamic configuration sources, define System property archaius.configurationSource.additionalUrls or make config.properties available on classpath.
[WARN]2020-03-31 22:16:11.860|,,,||||rights-order-service||c.n.c.s.URLConfigurationSource|No URLs will be polled as dynamic configuration sources.
[INFO]2020-03-31 22:16:11.860|,,,||||rights-order-service||c.n.c.s.URLConfigurationSource|To enable URLs as dynamic configuration sources, define System property archaius.configurationSource.additionalUrls or make config.properties available on classpath.
[INFO]2020-03-31 22:16:19.459|,,,||||rights-order-service||com.cc.cmbc.order.Application|Started Application in 67.439 seconds (JVM running for 72.159)
[INFO]2020-03-31 22:16:24.087|,,,||||rights-order-service||io.undertow.servlet|Initializing Spring FrameworkServlet 'dispatcherServlet'
[INFO]2020-03-31 22:16:24.155|5883CC93DC9C40C88A36875717F266CC,,,||||rights-order-service||com.cc.cmbc.order.web.LogController|TestController /test invoke
[INFO]2020-03-31 22:16:24.181|5883CC93DC9C40C88A36875717F266CC,,,||||rights-order-service||c.c.c.o.c.e.GlobalResponseHandler|返回参数：ReplyVo(code=200, message=交易成功, data=null)
[INFO]2020-03-31 22:16:25.660|5883CC93DC9C40C88A36875717F266CC,,,||||rights-order-service||com.cc.cmbc.order.web.LogController|Another thread running
[INFO]2020-03-31 22:16:25.662|5883CC93DC9C40C88A36875717F266CC,,,||||rights-order-service||c.c.c.order.message.MessageProducer|发送消息：send message
[INFO]2020-03-31 22:16:25.804|5883CC93DC9C40C88A36875717F266CC,,,|null|rights-order-service|127.0.0.1|rights-order-service||c.c.c.order.message.MessageConsumer|Consumer收到的报文为:send message
[INFO]2020-03-31 22:16:26.804|5A6EF1D6836542059BDFE704ED23A831,,,||||rights-order-service||com.cc.cmbc.order.web.LogController|TestController /test invoke
[INFO]2020-03-31 22:16:26.804|5A6EF1D6836542059BDFE704ED23A831,,,||||rights-order-service||c.c.c.o.c.e.GlobalResponseHandler|返回参数：ReplyVo(code=200, message=交易成功, data=null)
[INFO]2020-03-31 22:16:27.753|25353AEE1683408EBFD7BD2B213B3932,,,||||rights-order-service||com.cc.cmbc.order.web.LogController|TestController /test invoke
[INFO]2020-03-31 22:16:27.754|25353AEE1683408EBFD7BD2B213B3932,,,||||rights-order-service||c.c.c.o.c.e.GlobalResponseHandler|返回参数：ReplyVo(code=200, message=交易成功, data=null)
[INFO]2020-03-31 22:16:28.035|130827DCF5F94F798A0D2AC7A5F79648,,,||||rights-order-service||com.cc.cmbc.order.web.LogController|TestController /test invoke
[INFO]2020-03-31 22:16:28.035|130827DCF5F94F798A0D2AC7A5F79648,,,||||rights-order-service||c.c.c.o.c.e.GlobalResponseHandler|返回参数：ReplyVo(code=200, message=交易成功, data=null)
[INFO]2020-03-31 22:16:28.240|00E12C91302342F19B1AE7BFBC85627C,,,||||rights-order-service||com.cc.cmbc.order.web.LogController|TestController /test invoke
[INFO]2020-03-31 22:16:28.240|00E12C91302342F19B1AE7BFBC85627C,,,||||rights-order-service||c.c.c.o.c.e.GlobalResponseHandler|返回参数：ReplyVo(code=200, message=交易成功, data=null)
[INFO]2020-03-31 22:16:28.308|5A6EF1D6836542059BDFE704ED23A831,,,||||rights-order-service||c.c.c.order.message.MessageProducer|发送消息：send message
[INFO]2020-03-31 22:16:28.308|5A6EF1D6836542059BDFE704ED23A831,,,||||rights-order-service||com.cc.cmbc.order.web.LogController|Another thread running
[INFO]2020-03-31 22:16:28.332|5A6EF1D6836542059BDFE704ED23A831,,,|null|rights-order-service|127.0.0.1|rights-order-service||c.c.c.order.message.MessageConsumer|Consumer收到的报文为:send message
[INFO]2020-03-31 22:16:28.421|2B49DAFC6AEB474EB5A18DC62CF209F6,,,||||rights-order-service||com.cc.cmbc.order.web.LogController|TestController /test invoke
[INFO]2020-03-31 22:16:28.421|2B49DAFC6AEB474EB5A18DC62CF209F6,,,||||rights-order-service||c.c.c.o.c.e.GlobalResponseHandler|返回参数：ReplyVo(code=200, message=交易成功, data=null)
[INFO]2020-03-31 22:16:28.610|7D907ACC10474C39B7671F2809DB4B8F,,,||||rights-order-service||com.cc.cmbc.order.web.LogController|TestController /test invoke
[INFO]2020-03-31 22:16:28.611|7D907ACC10474C39B7671F2809DB4B8F,,,||||rights-order-service||c.c.c.o.c.e.GlobalResponseHandler|返回参数：ReplyVo(code=200, message=交易成功, data=null)
[INFO]2020-03-31 22:16:29.255|25353AEE1683408EBFD7BD2B213B3932,,,||||rights-order-service||c.c.c.order.message.MessageProducer|发送消息：send message
[INFO]2020-03-31 22:16:29.291|25353AEE1683408EBFD7BD2B213B3932,,,|null|rights-order-service|127.0.0.1|rights-order-service||c.c.c.order.message.MessageConsumer|Consumer收到的报文为:send message
[INFO]2020-03-31 22:16:29.298|25353AEE1683408EBFD7BD2B213B3932,,,||||rights-order-service||com.cc.cmbc.order.web.LogController|Another thread running
[INFO]2020-03-31 22:16:29.538|130827DCF5F94F798A0D2AC7A5F79648,,,||||rights-order-service||c.c.c.order.message.MessageProducer|发送消息：send message
[INFO]2020-03-31 22:16:29.538|130827DCF5F94F798A0D2AC7A5F79648,,,||||rights-order-service||com.cc.cmbc.order.web.LogController|Another thread running
[INFO]2020-03-31 22:16:29.571|130827DCF5F94F798A0D2AC7A5F79648,,,|null|rights-order-service|127.0.0.1|rights-order-service||c.c.c.order.message.MessageConsumer|Consumer收到的报文为:send message
[INFO]2020-03-31 22:16:29.741|00E12C91302342F19B1AE7BFBC85627C,,,||||rights-order-service||c.c.c.order.message.MessageProducer|发送消息：send message
[INFO]2020-03-31 22:16:29.741|00E12C91302342F19B1AE7BFBC85627C,,,||||rights-order-service||com.cc.cmbc.order.web.LogController|Another thread running
[INFO]2020-03-31 22:16:29.766|00E12C91302342F19B1AE7BFBC85627C,,,|null|rights-order-service|127.0.0.1|rights-order-service||c.c.c.order.message.MessageConsumer|Consumer收到的报文为:send message
[INFO]2020-03-31 22:16:29.925|2B49DAFC6AEB474EB5A18DC62CF209F6,,,||||rights-order-service||c.c.c.order.message.MessageProducer|发送消息：send message
[INFO]2020-03-31 22:16:29.926|2B49DAFC6AEB474EB5A18DC62CF209F6,,,||||rights-order-service||com.cc.cmbc.order.web.LogController|Another thread running
[INFO]2020-03-31 22:16:29.960|2B49DAFC6AEB474EB5A18DC62CF209F6,,,|null|rights-order-service|127.0.0.1|rights-order-service||c.c.c.order.message.MessageConsumer|Consumer收到的报文为:send message
[INFO]2020-03-31 22:16:30.111|7D907ACC10474C39B7671F2809DB4B8F,,,||||rights-order-service||c.c.c.order.message.MessageProducer|发送消息：send message
[INFO]2020-03-31 22:16:30.111|7D907ACC10474C39B7671F2809DB4B8F,,,||||rights-order-service||com.cc.cmbc.order.web.LogController|Another thread running
[INFO]2020-03-31 22:16:30.152|7D907ACC10474C39B7671F2809DB4B8F,,,|null|rights-order-service|127.0.0.1|rights-order-service||c.c.c.order.message.MessageConsumer|Consumer收到的报文为:send message
